<?xml version="1.0" encoding="UTF-8"?>
<!-- Generated by org.testng.reporters.JUnitReportReporter -->
<testsuite hostname="Preyal" failures="0" tests="3" name="cucumberAPI.ApiTestStarWarsPlanetSearch" time="9.491" errors="0" timestamp="2021-03-23T22:45:00 GMT-04:00" skipped="0">
  <testcase classname="cucumberAPI.ApiTestStarWarsPlanetSearch" name="TC_07_TestVelidData_ApiTestStarWarsPlanetSearch" time="7.960"/>
  <system-out/>
  <testcase classname="cucumberAPI.ApiTestStarWarsPlanetSearch" name="TC_08_TestInvalidInputData_ApiTestStarWarsPlanetSearch" time="0.788"/>
  <system-out/>
  <testcase classname="cucumberAPI.ApiTestStarWarsPlanetSearch" name="TC_09_TestNullInputData_ApiTestStarWarsPlanetSearch" time="0.743"/>
  <system-out/>
</testsuite> <!-- cucumberAPI.ApiTestStarWarsPlanetSearch -->
