<?xml version="1.0" encoding="UTF-8"?>
<!-- Generated by org.testng.reporters.JUnitReportReporter -->
<testsuite hostname="Preyal" failures="0" tests="3" name="cucumberAPI.ApiTestAllStarWarsCharacters" time="2.272" errors="0" timestamp="2021-03-23T22:45:00 GMT-04:00" skipped="0">
  <testcase classname="cucumberAPI.ApiTestAllStarWarsCharacters" name="TC_01_TestVelidData_AllStarWarsCharacters" time="0.794"/>
  <system-out/>
  <testcase classname="cucumberAPI.ApiTestAllStarWarsCharacters" name="TC_01_TestInvaliddata_AllStarWarsCharacters" time="0.734"/>
  <system-out/>
  <testcase classname="cucumberAPI.ApiTestAllStarWarsCharacters" name="TC_03_All_StarWars_char_NullInput" time="0.744"/>
  <system-out/>
</testsuite> <!-- cucumberAPI.ApiTestAllStarWarsCharacters -->
