<?xml version="1.0" encoding="UTF-8"?>
<!-- Generated by org.testng.reporters.JUnitReportReporter -->
<testsuite hostname="Preyal" failures="0" tests="3" name="cucumberAPI.APITestStarWarsCharacterDetails" time="2.221" errors="0" timestamp="2021-03-23T22:45:00 GMT-04:00" skipped="0">
  <testcase classname="cucumberAPI.APITestStarWarsCharacterDetails" name="TC_06_TestNullData_StarWarsCharacterDetails" time="0.722"/>
  <system-out/>
  <testcase classname="cucumberAPI.APITestStarWarsCharacterDetails" name="TC_04_TestVelidData_StarWarsCharacterDetails" time="0.777"/>
  <system-out/>
  <testcase classname="cucumberAPI.APITestStarWarsCharacterDetails" name="TC_05_TestInvalidInputData_StarWarsCharacterDetails" time="0.722"/>
  <system-out/>
</testsuite> <!-- cucumberAPI.APITestStarWarsCharacterDetails -->
